\o Program:		@(#)$CDS: libManager version 6.1.5 - CAT32 10/23/2012 17:37 (cat91amd) $
\o Sub version:		sub-version  s011 
\o Arguments:		-mpssession virtuoso12739 -mpshost t7400-2.EECS.Berkeley.EDU 
\o Working Directory:	t7400-2.EECS.Berkeley.EDU:/home/aa/users/bkilberg/ee240
\o 64-bit offsets
\o Qt version: 		4.5.3
\o Log file is "/home/aa/users/bkilberg/ee240/libManager.log".
\o Opening libManager window.
\a nrSetCurrentWindow(cdsLibManager)
\a nrResizeWindow(cdsLibManager list(376 251 765 408))
\o changeWorkingDir("/home/aa/users/bkilberg/ee240") unnecessary.
\o ddSetForcedLib("") unnecessary.
\o MPS service: map window
\o Library Manager customization server connected.
\w Warning: LIB basic from File /share/instsww/cadence/IC615.151/tools.lnx86/dfII/etc/cdsDotLibs/composer/cds.lib Line 1 redefines
\w LIB basic from File /share/instsww/cadence/GPDK_PKG/gpdk090_v4.6/cds.lib.oa22
\w Insert UNDEFINE basic
\w before DEFINE basic
\w     in /share/instsww/cadence/IC615.151/tools.lnx86/dfII/etc/cdsDotLibs/composer/cds.lib
\w Or remove or comment out DEFINE basic
\w     in /share/instsww/cadence/GPDK_PKG/gpdk090_v4.6/cds.lib.oa22
\w to suppress this warning message.
\w Warning: LIB US_8ths from File /share/instsww/cadence/IC615.151/tools.lnx86/dfII/etc/cdsDotLibs/composer/cds.lib Line 2 redefines
\w LIB US_8ths from File /share/instsww/cadence/GPDK_PKG/gpdk090_v4.6/cds.lib.oa22
\w Insert UNDEFINE US_8ths
\w before DEFINE US_8ths
\w     in /share/instsww/cadence/IC615.151/tools.lnx86/dfII/etc/cdsDotLibs/composer/cds.lib
\w Or remove or comment out DEFINE US_8ths
\w     in /share/instsww/cadence/GPDK_PKG/gpdk090_v4.6/cds.lib.oa22
\w to suppress this warning message.
\w Warning: LIB analogLib from File /share/instsww/cadence/IC615.151/tools.lnx86/dfII/etc/cdsDotLibs/artist/cds.lib Line 1 redefines
\w LIB analogLib from File /share/instsww/cadence/GPDK_PKG/gpdk090_v4.6/cds.lib.oa22
\w Insert UNDEFINE analogLib
\w before DEFINE analogLib
\w     in /share/instsww/cadence/IC615.151/tools.lnx86/dfII/etc/cdsDotLibs/artist/cds.lib
\w Or remove or comment out DEFINE analogLib
\w     in /share/instsww/cadence/GPDK_PKG/gpdk090_v4.6/cds.lib.oa22
\w to suppress this warning message.
\a cdsLibManager->libListBox->value = "EE247B_HW9"
\a cdsLibManager->cellListBox->value = "nmosfolded"
\a cdsLibManager->cellLineEdit->value = "nmosfolded"
\a cdsLibManager->viewListBox->value = "layout"
\a cdsLibManager->viewLineEdit->value = "layout"
\a cdsLibManager->libListBox->value = "HW4_tech"
\a cdsLibManager->cellListBox->value = nil
\a cdsLibManager->viewLineEdit->value = ""
\a cdsLibManager->viewListBox->value = nil
\a cdsLibManager->cellLineEdit->value = ""
\a cdsLibManager->cellListBox->value = "transistors"
\a cdsLibManager->cellLineEdit->value = "transistors"
\a cdsLibManager->viewListBox->value = "schematic"
\a cdsLibManager->viewLineEdit->value = "schematic"
\a cdsLibManager->libListBox->value = "Lab5"
\a cdsLibManager->cellListBox->value = nil
\a cdsLibManager->viewLineEdit->value = ""
\a cdsLibManager->viewListBox->value = nil
\a cdsLibManager->cellLineEdit->value = ""
\a cdsLibManager->libListBox->value = nil
\a nrListItemAction(cdsLibManager->libListBox "Lab5" 0)
\a cdsLibManager->libLineEdit->value = "Lab5"
\a cdsLibManager->cellListBox->value = "nmosfolded"
\a cdsLibManager->viewListBox->value = "schematic"
\a cdsLibManager->viewLineEdit->value = "schematic"
\a cdsLibManager->cellListBox->value = "pmosfolded"
\a cdsLibManager->viewLineEdit->value = ""
\a cdsLibManager->viewListBox->value = nil
\a cdsLibManager->viewListBox->value = "schematic"
\a cdsLibManager->viewLineEdit->value = "schematic"
\a cdsLibManager->cellListBox->value = "nmosfolded"
\a cdsLibManager->viewLineEdit->value = ""
\a cdsLibManager->viewListBox->value = nil
\a cdsLibManager->viewListBox->value = "schematic"
\a cdsLibManager->viewLineEdit->value = "schematic"
\a nrListItemAction(cdsLibManager->cellListBox 5 0)
\a cdsLibManager->viewLineEdit->value = ""
\a cdsLibManager->viewListBox->value = nil
\o MPS request: edit design
\a cdsLibManager->cellLineEdit->value = "nmosfolded"
